\BOOKMARK [1][-]{section.1}{Classical Mechanics \(20\045\)}{}% 1
\BOOKMARK [2][-]{subsection.1.1}{Kinematics}{section.1}% 2
\BOOKMARK [3][-]{subsubsection.1.1.1}{Linear Motion in the inertial frame of reference}{subsection.1.1}% 3
\BOOKMARK [3][-]{subsubsection.1.1.2}{Projectile motion}{subsection.1.1}% 4
\BOOKMARK [3][-]{subsubsection.1.1.3}{Uniform circular motion}{subsection.1.1}% 5
\BOOKMARK [2][-]{subsection.1.2}{Newton's laws of motion}{section.1}% 6
\BOOKMARK [2][-]{subsection.1.3}{Frictional Force}{section.1}% 7
\BOOKMARK [2][-]{subsection.1.4}{Energy}{section.1}% 8
\BOOKMARK [3][-]{subsubsection.1.4.1}{Energy conservation for conservative force}{subsection.1.4}% 9
\BOOKMARK [3][-]{subsubsection.1.4.2}{Energy conservation for non-conservative force}{subsection.1.4}% 10
\BOOKMARK [3][-]{subsubsection.1.4.3}{Types of energies}{subsection.1.4}% 11
\BOOKMARK [2][-]{subsection.1.5}{Momentum}{section.1}% 12
\BOOKMARK [3][-]{subsubsection.1.5.1}{Relation between angular and linear momentum}{subsection.1.5}% 13
\BOOKMARK [3][-]{subsubsection.1.5.2}{Conservation of Momentum}{subsection.1.5}% 14
\BOOKMARK [2][-]{subsection.1.6}{Torque}{section.1}% 15
\BOOKMARK [2][-]{subsection.1.7}{Moment of Inertia}{section.1}% 16
\BOOKMARK [3][-]{subsubsection.1.7.1}{Parallel axis theorem}{subsection.1.7}% 17
\BOOKMARK [2][-]{subsection.1.8}{Center of Mass}{section.1}% 18
\BOOKMARK [2][-]{subsection.1.9}{Kepler's laws of planetary motion}{section.1}% 19
\BOOKMARK [1][-]{section.2}{Electromagnetism \(18\045\)}{}% 20
\BOOKMARK [1][-]{section.3}{Quantum Mechanics \(12\045\)}{}% 21
\BOOKMARK [2][-]{subsection.3.1}{Probablity of wave function}{section.3}% 22
\BOOKMARK [3][-]{subsubsection.3.1.1}{Dimension of wave function}{subsection.3.1}% 23
\BOOKMARK [2][-]{subsection.3.2}{Hermitian operator}{section.3}% 24
\BOOKMARK [2][-]{subsection.3.3}{Observables in-term of Hermitian operator}{section.3}% 25
\BOOKMARK [2][-]{subsection.3.4}{Dirac notation}{section.3}% 26
\BOOKMARK [2][-]{subsection.3.5}{Quantum operators}{section.3}% 27
\BOOKMARK [2][-]{subsection.3.6}{Schr\366dinger equation}{section.3}% 28
\BOOKMARK [3][-]{subsubsection.3.6.1}{Time dependent}{subsection.3.6}% 29
\BOOKMARK [3][-]{subsubsection.3.6.2}{Time independent}{subsection.3.6}% 30
\BOOKMARK [1][-]{section.4}{Thermodynamics and Statistical Mechanics \(10\045\)}{}% 31
\BOOKMARK [1][-]{section.5}{Atomic Physics \(10\045\)}{}% 32
\BOOKMARK [1][-]{section.6}{Optics and wave phenomena \(9\045\)}{}% 33
\BOOKMARK [1][-]{section.7}{Specialized topics \(9\045\)}{}% 34
\BOOKMARK [2][-]{subsection.7.1}{Mathematical methods}{section.7}% 35
\BOOKMARK [1][-]{section.8}{Special Relativity \(6\045\)}{}% 36
\BOOKMARK [1][-]{section.9}{Laboratory methods \(6\045\)}{}% 37
